2026-01-13 14:53:34 | Installing dependencies (awscli, jq)...
2026-01-13 14:53:52 | AWS CLI not found. Installing AWS CLI v2...
2026-01-13 14:54:12 | AWS CLI installed successfully
2026-01-13 15:40:36 | Installing dependencies (awscli, jq)...
2026-01-13 15:50:52 | Installing dependencies (awscli, jq)...
2026-01-13 15:58:48 | Installing dependencies (awscli, jq)...
2026-01-13 16:15:32 | Installing dependencies (awscli, jq)...
2026-01-13 16:15:47 | Installing dependencies (awscli, jq)...
2026-01-13 16:22:25 | Installing dependencies (awscli, jq)...
2026-01-13 16:24:52 | Installing dependencies (awscli, jq)...
2026-01-13 16:27:15 | Installing dependencies (awscli, jq)...
2026-01-13 16:30:01 | Installing dependencies (awscli, jq)...
2026-01-13 16:31:18 | Installing dependencies (awscli, jq)...
2026-01-13 16:31:56 | Installing dependencies (awscli, jq)...
2026-01-13 16:34:25 | Installing dependencies (awscli, jq)...
2026-01-13 16:39:36 | Installing dependencies (awscli, jq)...
2026-01-13 16:40:17 | Installing dependencies (awscli, jq)...
2026-01-13 22:43:38 | Installing dependencies (awscli, jq)...
2026-01-13 22:44:53 | Installing dependencies (awscli, jq)...
2026-01-13 22:45:13 | Launching EC2 instance...
2026-01-13 22:46:48 | Installing dependencies (awscli, jq)...
2026-01-13 22:47:10 | Launching EC2 instance...
2026-01-13 22:48:31 | Installing dependencies (awscli, jq)...
2026-01-13 22:48:37 | Launching EC2 instance...
2026-01-13 22:52:24 | Installing dependencies (awscli, jq)...
2026-01-13 22:52:33 | Launching EC2 instance...
2026-01-13 22:54:22 | Installing dependencies (awscli, jq)...
2026-01-13 22:54:27 | Launching EC2 instance...
2026-01-13 22:55:06 | Installing dependencies (awscli, jq)...
2026-01-13 22:55:20 | Launching EC2 instance...
2026-01-13 22:55:24 | EC2 instance created: i-08e3a0fc71feaa5a6
2026-01-13 22:55:24 | Waiting for EC2 instance i-08e3a0fc71feaa5a6 to reach running state...
2026-01-13 22:55:42 | Instance i-08e3a0fc71feaa5a6 is running
2026-01-13 22:55:42 | EC2 provisioning completed successfully
